0 verbose cli C:\Program Files\nodejs\node.exe C:\Users\amolk\AppData\Roaming\npm\node_modules\npm\bin\npm-cli.js
1 info using npm@11.4.2
2 info using node@v22.17.0
3 silly config load:file:C:\Users\amolk\AppData\Roaming\npm\node_modules\npm\npmrc
4 silly config load:file:E:\github\FocusFlow\.npmrc
5 silly config load:file:C:\Users\amolk\.npmrc
6 silly config load:file:C:\Users\amolk\AppData\Roaming\npm\etc\npmrc
7 verbose title npm audit
8 verbose argv "audit" "--audit-level" "moderate" "--cache" ".npm-cache"
9 verbose logfile logs-max:10 dir:E:\github\FocusFlow\.npm-cache\_logs\2026-06-26T04_51_07_191Z-
10 verbose logfile E:\github\FocusFlow\.npm-cache\_logs\2026-06-26T04_51_07_191Z-debug-0.log
11 silly logfile done cleaning log files
12 silly packumentCache heap:2197815296 maxSize:549453824 maxEntrySize:274726912
13 silly audit bulk request {
13 silly audit   backend: [ '1.0.0' ],
13 silly audit   frontend: [ '1.0.0' ],
13 silly audit   '@esbuild/aix-ppc64': [ '0.28.1' ],
13 silly audit   '@esbuild/android-arm': [ '0.28.1' ],
13 silly audit   '@esbuild/android-arm64': [ '0.28.1' ],
13 silly audit   '@esbuild/android-x64': [ '0.28.1' ],
13 silly audit   '@esbuild/darwin-arm64': [ '0.28.1' ],
13 silly audit   '@esbuild/darwin-x64': [ '0.28.1' ],
13 silly audit   '@esbuild/freebsd-arm64': [ '0.28.1' ],
13 silly audit   '@esbuild/freebsd-x64': [ '0.28.1' ],
13 silly audit   '@esbuild/linux-arm': [ '0.28.1' ],
13 silly audit   '@esbuild/linux-arm64': [ '0.28.1' ],
13 silly audit   '@esbuild/linux-ia32': [ '0.28.1' ],
13 silly audit   '@esbuild/linux-loong64': [ '0.28.1' ],
13 silly audit   '@esbuild/linux-mips64el': [ '0.28.1' ],
13 silly audit   '@esbuild/linux-ppc64': [ '0.28.1' ],
13 silly audit   '@esbuild/linux-riscv64': [ '0.28.1' ],
13 silly audit   '@esbuild/linux-s390x': [ '0.28.1' ],
13 silly audit   '@esbuild/linux-x64': [ '0.28.1' ],
13 silly audit   '@esbuild/netbsd-x64': [ '0.28.1' ],
13 silly audit   '@esbuild/openbsd-x64': [ '0.28.1' ],
13 silly audit   '@esbuild/sunos-x64': [ '0.28.1' ],
13 silly audit   '@esbuild/win32-arm64': [ '0.28.1' ],
13 silly audit   '@esbuild/win32-ia32': [ '0.28.1' ],
13 silly audit   '@esbuild/win32-x64': [ '0.28.1' ],
13 silly audit   '@rolldown/pluginutils': [ '1.0.1' ],
13 silly audit   '@vitejs/plugin-react': [ '6.0.3' ],
13 silly audit   esbuild: [ '0.28.1' ],
13 silly audit   picomatch: [ '4.0.4', '2.3.2' ],
13 silly audit   vite: [ '8.1.0' ],
13 silly audit   '@alloc/quick-lru': [ '5.2.0' ],
13 silly audit   '@babel/runtime': [ '7.29.7' ],
13 silly audit   '@emnapi/core': [ '1.11.1' ],
13 silly audit   '@emnapi/runtime': [ '1.11.1' ],
13 silly audit   '@emnapi/wasi-threads': [ '1.2.2' ],
13 silly audit   '@esbuild/netbsd-arm64': [ '0.28.1' ],
13 silly audit   '@esbuild/openbsd-arm64': [ '0.28.1' ],
13 silly audit   '@esbuild/openharmony-arm64': [ '0.28.1' ],
13 silly audit   '@eslint-community/eslint-utils': [ '4.9.1' ],
13 silly audit   '@eslint-community/regexpp': [ '4.12.2' ],
13 silly audit   '@eslint/eslintrc': [ '2.1.4' ],
13 silly audit   '@eslint/js': [ '8.57.1' ],
13 silly audit   '@humanwhocodes/config-array': [ '0.13.0' ],
13 silly audit   '@humanwhocodes/module-importer': [ '1.0.1' ],
13 silly audit   '@humanwhocodes/object-schema': [ '2.0.3' ],
13 silly audit   '@jridgewell/gen-mapping': [ '0.3.13' ],
13 silly audit   '@jridgewell/resolve-uri': [ '3.1.2' ],
13 silly audit   '@jridgewell/sourcemap-codec': [ '1.5.5' ],
13 silly audit   '@jridgewell/trace-mapping': [ '0.3.31' ],
13 silly audit   '@kurkle/color': [ '0.3.4' ],
13 silly audit   '@mongodb-js/saslprep': [ '1.4.11' ],
13 silly audit   '@napi-rs/wasm-runtime': [ '1.1.6' ],
13 silly audit   '@nodelib/fs.scandir': [ '2.1.5' ],
13 silly audit   '@nodelib/fs.stat': [ '2.0.5' ],
13 silly audit   '@nodelib/fs.walk': [ '1.2.8' ],
13 silly audit   '@oxc-project/types': [ '0.137.0' ],
13 silly audit   '@rolldown/binding-android-arm64': [ '1.1.3' ],
13 silly audit   '@rolldown/binding-darwin-arm64': [ '1.1.3' ],
13 silly audit   '@rolldown/binding-darwin-x64': [ '1.1.3' ],
13 silly audit   '@rolldown/binding-freebsd-x64': [ '1.1.3' ],
13 silly audit   '@rolldown/binding-linux-arm-gnueabihf': [ '1.1.3' ],
13 silly audit   '@rolldown/binding-linux-arm64-gnu': [ '1.1.3' ],
13 silly audit   '@rolldown/binding-linux-arm64-musl': [ '1.1.3' ],
13 silly audit   '@rolldown/binding-linux-ppc64-gnu': [ '1.1.3' ],
13 silly audit   '@rolldown/binding-linux-s390x-gnu': [ '1.1.3' ],
13 silly audit   '@rolldown/binding-linux-x64-gnu': [ '1.1.3' ],
13 silly audit   '@rolldown/binding-linux-x64-musl': [ '1.1.3' ],
13 silly audit   '@rolldown/binding-openharmony-arm64': [ '1.1.3' ],
13 silly audit   '@rolldown/binding-wasm32-wasi': [ '1.1.3' ],
13 silly audit   '@rolldown/binding-win32-arm64-msvc': [ '1.1.3' ],
13 silly audit   '@rolldown/binding-win32-x64-msvc': [ '1.1.3' ],
13 silly audit   '@tybys/wasm-util': [ '0.10.3' ],
13 silly audit   '@types/webidl-conversions': [ '7.0.3' ],
13 silly audit   '@types/whatwg-url': [ '11.0.5' ],
13 silly audit   '@ungap/structured-clone': [ '1.3.2' ],
13 silly audit   accepts: [ '1.3.8' ],
13 silly audit   acorn: [ '8.17.0' ],
13 silly audit   'acorn-jsx': [ '5.3.2' ],
13 silly audit   ajv: [ '6.15.0' ],
13 silly audit   'ansi-regex': [ '5.0.1' ],
13 silly audit   'ansi-styles': [ '4.3.0' ],
13 silly audit   'any-promise': [ '1.3.0' ],
13 silly audit   anymatch: [ '3.1.3' ],
13 silly audit   arg: [ '5.0.2' ],
13 silly audit   argparse: [ '2.0.1' ],
13 silly audit   'array-buffer-byte-length': [ '1.0.2' ],
13 silly audit   'array-flatten': [ '1.1.1' ],
13 silly audit   'array-includes': [ '3.1.9' ],
13 silly audit   'array.prototype.findlast': [ '1.2.5' ],
13 silly audit   'array.prototype.flat': [ '1.3.3' ],
13 silly audit   'array.prototype.flatmap': [ '1.3.3' ],
13 silly audit   'array.prototype.tosorted': [ '1.1.4' ],
13 silly audit   'arraybuffer.prototype.slice': [ '1.0.4' ],
13 silly audit   'async-function': [ '1.0.0' ],
13 silly audit   autoprefixer: [ '10.5.2' ],
13 silly audit   'available-typed-arrays': [ '1.0.7' ],
13 silly audit   'balanced-match': [ '1.0.2', '4.0.4' ],
13 silly audit   'baseline-browser-mapping': [ '2.10.40' ],
13 silly audit   'basic-auth': [ '2.0.1' ],
13 silly audit   'safe-buffer': [ '5.1.2', '5.2.1' ],
13 silly audit   bcryptjs: [ '2.4.3' ],
13 silly audit   'binary-extensions': [ '2.3.0' ],
13 silly audit   'body-parser': [ '1.20.5' ],
13 silly audit   debug: [ '2.6.9', '4.4.3' ],
13 silly audit   ms: [ '2.0.0', '2.1.3' ],
13 silly audit   'brace-expansion': [ '1.1.15', '5.0.6' ],
13 silly audit   braces: [ '3.0.3' ],
13 silly audit   browserslist: [ '4.28.4' ],
13 silly audit   bson: [ '6.10.4' ],
13 silly audit   'buffer-equal-constant-time': [ '1.0.1' ],
13 silly audit   bytes: [ '3.1.2' ],
13 silly audit   'call-bind': [ '1.0.9' ],
13 silly audit   'call-bind-apply-helpers': [ '1.0.2' ],
13 silly audit   'call-bound': [ '1.0.4' ],
13 silly audit   callsites: [ '3.1.0' ],
13 silly audit   'camelcase-css': [ '2.0.1' ],
13 silly audit   'caniuse-lite': [ '1.0.30001799' ],
13 silly audit   chalk: [ '4.1.2' ],
13 silly audit   'supports-color': [ '7.2.0', '5.5.0', '8.1.1' ],
13 silly audit   'chart.js': [ '4.5.1' ],
13 silly audit   chokidar: [ '3.6.0' ],
13 silly audit   'glob-parent': [ '5.1.2', '6.0.2' ],
13 silly audit   cliui: [ '8.0.1' ],
13 silly audit   cloudinary: [ '2.10.0' ],
13 silly audit   'color-convert': [ '2.0.1' ],
13 silly audit   'color-name': [ '1.1.4' ],
13 silly audit   commander: [ '4.1.1' ],
13 silly audit   'concat-map': [ '0.0.1' ],
13 silly audit   concurrently: [ '8.2.2' ],
13 silly audit   'content-disposition': [ '0.5.4' ],
13 silly audit   'content-type': [ '1.0.5' ],
13 silly audit   cookie: [ '0.7.2' ],
13 silly audit   'cookie-signature': [ '1.0.7' ],
13 silly audit   cors: [ '2.8.6' ],
13 silly audit   'cross-spawn': [ '7.0.6' ],
13 silly audit   cssesc: [ '3.0.0' ],
13 silly audit   'data-view-buffer': [ '1.0.2' ],
13 silly audit   'data-view-byte-length': [ '1.0.2' ],
13 silly audit   'data-view-byte-offset': [ '1.0.1' ],
13 silly audit   'date-fns': [ '2.30.0' ],
13 silly audit   'deep-is': [ '0.1.4' ],
13 silly audit   'define-data-property': [ '1.1.4' ],
13 silly audit   'define-properties': [ '1.2.1' ],
13 silly audit   depd: [ '2.0.0' ],
13 silly audit   destroy: [ '1.2.0' ],
13 silly audit   'detect-libc': [ '2.1.2' ],
13 silly audit   didyoumean: [ '1.2.2' ],
13 silly audit   dlv: [ '1.1.3' ],
13 silly audit   doctrine: [ '3.0.0', '2.1.0' ],
13 silly audit   dotenv: [ '16.6.1' ],
13 silly audit   'dunder-proto': [ '1.0.1' ],
13 silly audit   'ecdsa-sig-formatter': [ '1.0.11' ],
13 silly audit   'ee-first': [ '1.1.1' ],
13 silly audit   'electron-to-chromium': [ '1.5.379' ],
13 silly audit   'emoji-regex': [ '8.0.0' ],
13 silly audit   encodeurl: [ '2.0.0' ],
13 silly audit   'es-abstract': [ '1.24.2' ],
13 silly audit   'es-abstract-get': [ '1.0.0' ],
13 silly audit   'es-define-property': [ '1.0.1' ],
13 silly audit   'es-errors': [ '1.3.0' ],
13 silly audit   'es-iterator-helpers': [ '1.3.3' ],
13 silly audit   'es-object-atoms': [ '1.1.2' ],
13 silly audit   'es-set-tostringtag': [ '2.1.0' ],
13 silly audit   'es-shim-unscopables': [ '1.1.0' ],
13 silly audit   'es-to-primitive': [ '1.3.4' ],
13 silly audit   escalade: [ '3.2.0' ],
13 silly audit   'escape-html': [ '1.0.3' ],
13 silly audit   'escape-string-regexp': [ '4.0.0' ],
13 silly audit   eslint: [ '8.57.1' ],
13 silly audit   'eslint-plugin-react': [ '7.37.5' ],
13 silly audit   'eslint-plugin-react-hooks': [ '4.6.2' ],
13 silly audit   'eslint-plugin-react-refresh': [ '0.4.26' ],
13 silly audit   'eslint-scope': [ '7.2.2' ],
13 silly audit   'eslint-visitor-keys': [ '3.4.3' ],
13 silly audit   espree: [ '9.6.1' ],
13 silly audit   esquery: [ '1.7.0' ],
13 silly audit   esrecurse: [ '4.3.0' ],
13 silly audit   estraverse: [ '5.3.0' ],
13 silly audit   esutils: [ '2.0.3' ],
13 silly audit   etag: [ '1.8.1' ],
13 silly audit   express: [ '4.22.2' ],
13 silly audit   'express-rate-limit': [ '7.5.1' ],
13 silly audit   'fast-deep-equal': [ '3.1.3' ],
13 silly audit   'fast-glob': [ '3.3.3' ],
13 silly audit   'fast-json-stable-stringify': [ '2.1.0' ],
13 silly audit   'fast-levenshtein': [ '2.0.6' ],
13 silly audit   fastq: [ '1.20.1' ],
13 silly audit   'file-entry-cache': [ '6.0.1' ],
13 silly audit   'fill-range': [ '7.1.1' ],
13 silly audit   finalhandler: [ '1.3.2' ],
13 silly audit   'find-up': [ '5.0.0' ],
13 silly audit   'flat-cache': [ '3.2.0' ],
13 silly audit   flatted: [ '3.4.2' ],
13 silly audit   'for-each': [ '0.3.5' ],
13 silly audit   forwarded: [ '0.2.0' ],
13 silly audit   'fraction.js': [ '5.3.4' ],
13 silly audit   'framer-motion': [ '11.18.2' ],
13 silly audit   fresh: [ '0.5.2' ],
13 silly audit   'fs.realpath': [ '1.0.0' ],
13 silly audit   fsevents: [ '2.3.3' ],
13 silly audit   'function-bind': [ '1.1.2' ],
13 silly audit   'function.prototype.name': [ '1.2.0' ],
13 silly audit   'functions-have-names': [ '1.2.3' ],
13 silly audit   'generator-function': [ '2.0.1' ],
13 silly audit   'get-caller-file': [ '2.0.5' ],
13 silly audit   'get-intrinsic': [ '1.3.0' ],
13 silly audit   'get-proto': [ '1.0.1' ],
13 silly audit   'get-symbol-description': [ '1.1.0' ],
13 silly audit   glob: [ '7.2.3' ],
13 silly audit   globals: [ '13.24.0' ],
13 silly audit   globalthis: [ '1.0.4' ],
13 silly audit   gopd: [ '1.2.0' ],
13 silly audit   graphemer: [ '1.4.0' ],
13 silly audit   'has-bigints': [ '1.1.0' ],
13 silly audit   'has-flag': [ '4.0.0', '3.0.0' ],
13 silly audit   'has-property-descriptors': [ '1.0.2' ],
13 silly audit   'has-proto': [ '1.2.0' ],
13 silly audit   'has-symbols': [ '1.1.0' ],
13 silly audit   'has-tostringtag': [ '1.0.2' ],
13 silly audit   hasown: [ '2.0.4' ],
13 silly audit   helmet: [ '7.2.0' ],
13 silly audit   'http-errors': [ '2.0.1' ],
13 silly audit   'iconv-lite': [ '0.4.24' ],
13 silly audit   ignore: [ '5.3.2' ],
13 silly audit   'ignore-by-default': [ '1.0.1' ],
13 silly audit   'import-fresh': [ '3.3.1' ],
13 silly audit   imurmurhash: [ '0.1.4' ],
13 silly audit   inflight: [ '1.0.6' ],
13 silly audit   inherits: [ '2.0.4' ],
13 silly audit   'internal-slot': [ '1.1.0' ],
13 silly audit   'ipaddr.js': [ '1.9.1' ],
13 silly audit   'is-array-buffer': [ '3.0.5' ],
13 silly audit   'is-async-function': [ '2.1.1' ],
13 silly audit   'is-bigint': [ '1.1.0' ],
13 silly audit   'is-binary-path': [ '2.1.0' ],
13 silly audit   'is-boolean-object': [ '1.2.2' ],
13 silly audit   'is-callable': [ '1.2.7' ],
13 silly audit   'is-core-module': [ '2.16.2' ],
13 silly audit   'is-data-view': [ '1.0.2' ],
13 silly audit   'is-date-object': [ '1.1.0' ],
13 silly audit   'is-document.all': [ '1.0.0' ],
13 silly audit   'is-extglob': [ '2.1.1' ],
13 silly audit   'is-finalizationregistry': [ '1.1.1' ],
13 silly audit   'is-fullwidth-code-point': [ '3.0.0' ],
13 silly audit   'is-generator-function': [ '1.1.2' ],
13 silly audit   'is-glob': [ '4.0.3' ],
13 silly audit   'is-map': [ '2.0.3' ],
13 silly audit   'is-negative-zero': [ '2.0.3' ],
13 silly audit   'is-number': [ '7.0.0' ],
13 silly audit   'is-number-object': [ '1.1.1' ],
13 silly audit   'is-path-inside': [ '3.0.3' ],
13 silly audit   'is-regex': [ '1.2.1' ],
13 silly audit   'is-set': [ '2.0.3' ],
13 silly audit   'is-shared-array-buffer': [ '1.0.4' ],
13 silly audit   'is-string': [ '1.1.1' ],
13 silly audit   'is-symbol': [ '1.1.1' ],
13 silly audit   'is-typed-array': [ '1.1.15' ],
13 silly audit   'is-weakmap': [ '2.0.2' ],
13 silly audit   'is-weakref': [ '1.1.1' ],
13 silly audit   'is-weakset': [ '2.0.4' ],
13 silly audit   isarray: [ '2.0.5' ],
13 silly audit   isexe: [ '2.0.0' ],
13 silly audit   'iterator.prototype': [ '1.1.5' ],
13 silly audit   jiti: [ '1.21.7' ],
13 silly audit   'js-tokens': [ '4.0.0' ],
13 silly audit   'js-yaml': [ '4.2.0' ],
13 silly audit   'json-buffer': [ '3.0.1' ],
13 silly audit   'json-schema-traverse': [ '0.4.1' ],
13 silly audit   'json-stable-stringify-without-jsonify': [ '1.0.1' ],
13 silly audit   jsonwebtoken: [ '9.0.3' ],
13 silly audit   semver: [ '7.8.5', '6.3.1' ],
13 silly audit   'jsx-ast-utils': [ '3.3.5' ],
13 silly audit   jwa: [ '2.0.1' ],
13 silly audit   jws: [ '4.0.1' ],
13 silly audit   kareem: [ '2.6.3' ],
13 silly audit   keyv: [ '4.5.4' ],
13 silly audit   levn: [ '0.4.1' ],
13 silly audit   lightningcss: [ '1.32.0' ],
13 silly audit   'lightningcss-android-arm64': [ '1.32.0' ],
13 silly audit   'lightningcss-darwin-arm64': [ '1.32.0' ],
13 silly audit   'lightningcss-darwin-x64': [ '1.32.0' ],
13 silly audit   'lightningcss-freebsd-x64': [ '1.32.0' ],
13 silly audit   'lightningcss-linux-arm-gnueabihf': [ '1.32.0' ],
13 silly audit   'lightningcss-linux-arm64-gnu': [ '1.32.0' ],
13 silly audit   'lightningcss-linux-arm64-musl': [ '1.32.0' ],
13 silly audit   'lightningcss-linux-x64-gnu': [ '1.32.0' ],
13 silly audit   'lightningcss-linux-x64-musl': [ '1.32.0' ],
13 silly audit   'lightningcss-win32-arm64-msvc': [ '1.32.0' ],
13 silly audit   'lightningcss-win32-x64-msvc': [ '1.32.0' ],
13 silly audit   lilconfig: [ '3.1.3' ],
13 silly audit   'lines-and-columns': [ '1.2.4' ],
13 silly audit   'locate-path': [ '6.0.0' ],
13 silly audit   lodash: [ '4.18.1' ],
13 silly audit   'lodash.includes': [ '4.3.0' ],
13 silly audit   'lodash.isboolean': [ '3.0.3' ],
13 silly audit   'lodash.isinteger': [ '4.0.4' ],
13 silly audit   'lodash.isnumber': [ '3.0.3' ],
13 silly audit   'lodash.isplainobject': [ '4.0.6' ],
13 silly audit   'lodash.isstring': [ '4.0.1' ],
13 silly audit   'lodash.merge': [ '4.6.2' ],
13 silly audit   'lodash.once': [ '4.1.1' ],
13 silly audit   'loose-envify': [ '1.4.0' ],
13 silly audit   'lucide-react': [ '0.468.0' ],
13 silly audit   'math-intrinsics': [ '1.1.0' ],
13 silly audit   'media-typer': [ '0.3.0' ],
13 silly audit   'memory-pager': [ '1.5.0' ],
13 silly audit   'merge-descriptors': [ '1.0.3' ],
13 silly audit   merge2: [ '1.4.1' ],
13 silly audit   methods: [ '1.1.2' ],
13 silly audit   micromatch: [ '4.0.8' ],
13 silly audit   mime: [ '1.6.0' ],
13 silly audit   'mime-db': [ '1.52.0' ],
13 silly audit   'mime-types': [ '2.1.35' ],
13 silly audit   minimatch: [ '3.1.5', '10.2.5' ],
13 silly audit   mongodb: [ '6.20.0' ],
13 silly audit   'mongodb-connection-string-url': [ '3.0.2' ],
13 silly audit   mongoose: [ '8.24.1' ],
13 silly audit   morgan: [ '1.11.0' ],
13 silly audit   'motion-dom': [ '11.18.1' ],
13 silly audit   'motion-utils': [ '11.18.1' ],
13 silly audit   mpath: [ '0.9.0' ],
13 silly audit   mquery: [ '5.0.0' ],
13 silly audit   mz: [ '2.7.0' ],
13 silly audit   nanoid: [ '3.3.15' ],
13 silly audit   'natural-compare': [ '1.4.0' ],
13 silly audit   negotiator: [ '0.6.3' ],
13 silly audit   'node-exports-info': [ '1.6.2' ],
13 silly audit   'node-releases': [ '2.0.50' ],
13 silly audit   nodemon: [ '3.1.14' ],
13 silly audit   'normalize-path': [ '3.0.0' ],
13 silly audit   'object-assign': [ '4.1.1' ],
13 silly audit   'object-hash': [ '3.0.0' ],
13 silly audit   'object-inspect': [ '1.13.4' ],
13 silly audit   'object-keys': [ '1.1.1' ],
13 silly audit   'object.assign': [ '4.1.7' ],
13 silly audit   'object.entries': [ '1.1.9' ],
13 silly audit   'object.fromentries': [ '2.0.8' ],
13 silly audit   'object.values': [ '1.2.1' ],
13 silly audit   'on-finished': [ '2.4.1' ],
13 silly audit   'on-headers': [ '1.1.0' ],
13 silly audit   once: [ '1.4.0' ],
13 silly audit   optionator: [ '0.9.4' ],
13 silly audit   'own-keys': [ '1.0.1' ],
13 silly audit   'p-limit': [ '3.1.0' ],
13 silly audit   'p-locate': [ '5.0.0' ],
13 silly audit   'parent-module': [ '1.0.1' ],
13 silly audit   parseurl: [ '1.3.3' ],
13 silly audit   'path-exists': [ '4.0.0' ],
13 silly audit   'path-is-absolute': [ '1.0.1' ],
13 silly audit   'path-key': [ '3.1.1' ],
13 silly audit   'path-parse': [ '1.0.7' ],
13 silly audit   'path-to-regexp': [ '0.1.13' ],
13 silly audit   picocolors: [ '1.1.1' ],
13 silly audit   pify: [ '2.3.0' ],
13 silly audit   pirates: [ '4.0.7' ],
13 silly audit   'possible-typed-array-names': [ '1.1.0' ],
13 silly audit   postcss: [ '8.5.15' ],
13 silly audit   'postcss-import': [ '15.1.0' ],
13 silly audit   resolve: [ '1.22.12', '2.0.0-next.7' ],
13 silly audit   'postcss-js': [ '4.1.0' ],
13 silly audit   'postcss-load-config': [ '6.0.1' ],
13 silly audit   'postcss-nested': [ '6.2.0' ],
13 silly audit   'postcss-selector-parser': [ '6.1.4' ],
13 silly audit   'postcss-value-parser': [ '4.2.0' ],
13 silly audit   'prelude-ls': [ '1.2.1' ],
13 silly audit   'prop-types': [ '15.8.1' ],
13 silly audit   'proxy-addr': [ '2.0.7' ],
13 silly audit   'pstree.remy': [ '1.1.8' ],
13 silly audit   punycode: [ '2.3.1' ],
13 silly audit   qs: [ '6.15.3' ],
13 silly audit   'queue-microtask': [ '1.2.3' ],
13 silly audit   'range-parser': [ '1.2.1' ],
13 silly audit   'raw-body': [ '2.5.3' ],
13 silly audit   react: [ '18.3.1' ],
13 silly audit   'react-chartjs-2': [ '5.3.1' ],
13 silly audit   'react-dom': [ '18.3.1' ],
13 silly audit   'react-is': [ '16.13.1' ],
13 silly audit   'read-cache': [ '1.0.0' ],
13 silly audit   readdirp: [ '3.6.0' ],
13 silly audit   'reflect.getprototypeof': [ '1.0.10' ],
13 silly audit   'regexp.prototype.flags': [ '1.5.4' ],
13 silly audit   'require-directory': [ '2.1.1' ],
13 silly audit   'resolve-from': [ '4.0.0' ],
13 silly audit   reusify: [ '1.1.0' ],
13 silly audit   rimraf: [ '3.0.2' ],
13 silly audit   rolldown: [ '1.1.3' ],
13 silly audit   'run-parallel': [ '1.2.0' ],
13 silly audit   rxjs: [ '7.8.2' ],
13 silly audit   'safe-array-concat': [ '1.1.4' ],
13 silly audit   'safe-push-apply': [ '1.0.0' ],
13 silly audit   'safe-regex-test': [ '1.1.0' ],
13 silly audit   'safer-buffer': [ '2.1.2' ],
13 silly audit   scheduler: [ '0.23.2' ],
13 silly audit   send: [ '0.19.2' ],
13 silly audit   'serve-static': [ '1.16.3' ],
13 silly audit   'set-function-length': [ '1.2.2' ],
13 silly audit   'set-function-name': [ '2.0.2' ],
13 silly audit   'set-proto': [ '1.0.0' ],
13 silly audit   setprototypeof: [ '1.2.0' ],
13 silly audit   'shebang-command': [ '2.0.0' ],
13 silly audit   'shebang-regex': [ '3.0.0' ],
13 silly audit   'shell-quote': [ '1.9.0' ],
13 silly audit   'side-channel': [ '1.1.1' ],
13 silly audit   'side-channel-list': [ '1.0.1' ],
13 silly audit   'side-channel-map': [ '1.0.1' ],
13 silly audit   'side-channel-weakmap': [ '1.0.2' ],
13 silly audit   sift: [ '17.1.3' ],
13 silly audit   'simple-update-notifier': [ '2.0.0' ],
13 silly audit   'source-map-js': [ '1.2.1' ],
13 silly audit   'sparse-bitfield': [ '3.0.3' ],
13 silly audit   'spawn-command': [ '0.0.2' ],
13 silly audit   statuses: [ '2.0.2' ],
13 silly audit   'stop-iteration-iterator': [ '1.1.0' ],
13 silly audit   'string-width': [ '4.2.3' ],
13 silly audit   'string.prototype.matchall': [ '4.0.12' ],
13 silly audit   'string.prototype.repeat': [ '1.0.0' ],
13 silly audit   'string.prototype.trim': [ '1.2.11' ],
13 silly audit   'string.prototype.trimend': [ '1.0.10' ],
13 silly audit   'string.prototype.trimstart': [ '1.0.8' ],
13 silly audit   'strip-ansi': [ '6.0.1' ],
13 silly audit   'strip-json-comments': [ '3.1.1' ],
13 silly audit   sucrase: [ '3.35.1' ],
13 silly audit   'supports-preserve-symlinks-flag': [ '1.0.0' ],
13 silly audit   tailwindcss: [ '3.4.19' ],
13 silly audit   'text-table': [ '0.2.0' ],
13 silly audit   thenify: [ '3.3.1' ],
13 silly audit   'thenify-all': [ '1.6.0' ],
13 silly audit   tinyglobby: [ '0.2.17' ],
13 silly audit   fdir: [ '6.5.0' ],
13 silly audit   'to-regex-range': [ '5.0.1' ],
13 silly audit   toidentifier: [ '1.0.1' ],
13 silly audit   touch: [ '3.1.1' ],
13 silly audit   tr46: [ '5.1.1' ],
13 silly audit   'tree-kill': [ '1.2.2' ],
13 silly audit   'ts-interface-checker': [ '0.1.13' ],
13 silly audit   tslib: [ '2.8.1' ],
13 silly audit   'type-check': [ '0.4.0' ],
13 silly audit   'type-fest': [ '0.20.2' ],
13 silly audit   'type-is': [ '1.6.18' ],
13 silly audit   'typed-array-buffer': [ '1.0.3' ],
13 silly audit   'typed-array-byte-length': [ '1.0.3' ],
13 silly audit   'typed-array-byte-offset': [ '1.0.4' ],
13 silly audit   'typed-array-length': [ '1.0.8' ],
13 silly audit   'unbox-primitive': [ '1.1.0' ],
13 silly audit   undefsafe: [ '2.0.5' ],
13 silly audit   unpipe: [ '1.0.0' ],
13 silly audit   'update-browserslist-db': [ '1.2.3' ],
13 silly audit   'uri-js': [ '4.4.1' ],
13 silly audit   'util-deprecate': [ '1.0.2' ],
13 silly audit   'utils-merge': [ '1.0.1' ],
13 silly audit   vary: [ '1.1.2' ],
13 silly audit   'webidl-conversions': [ '7.0.0' ],
13 silly audit   'whatwg-url': [ '14.2.0' ],
13 silly audit   which: [ '2.0.2' ],
13 silly audit   'which-boxed-primitive': [ '1.1.1' ],
13 silly audit   'which-builtin-type': [ '1.2.1' ],
13 silly audit   'which-collection': [ '1.0.2' ],
13 silly audit   'which-typed-array': [ '1.1.22' ],
13 silly audit   'word-wrap': [ '1.2.5' ],
13 silly audit   'wrap-ansi': [ '7.0.0' ],
13 silly audit   wrappy: [ '1.0.2' ],
13 silly audit   y18n: [ '5.0.8' ],
13 silly audit   yargs: [ '17.7.3' ],
13 silly audit   'yargs-parser': [ '21.1.1' ],
13 silly audit   'yocto-queue': [ '0.1.0' ]
13 silly audit }
14 http fetch POST 200 https://registry.npmjs.org/-/npm/v1/security/advisories/bulk 972ms
15 silly audit report {}
16 verbose cwd E:\github\FocusFlow
17 verbose os Windows_NT 10.0.26200
18 verbose node v22.17.0
19 verbose npm  v11.4.2
20 verbose exit 0
21 info ok
